<?xml version="1.0" encoding="UTF-8"?>
<!-- Generated by org.testng.reporters.JUnitXMLReporter -->
<testsuite ignored="0" hostname="LAPTOP-76PGCCB3" failures="0" tests="4" name="Test" time="43.406" errors="0" timestamp="23 Sep 2022 12:21:10 GMT">
  <testcase classname="com.shwetabh.docker.VerifyTitleinEdge2" name="googleSearch" time="3.226"/>
  <testcase classname="com.shwetabh.docker.VerifyTitleinChrome2" name="googleSearch" time="4.994"/>
  <testcase classname="com.shwetabh.docker.VerifyTitleinEdge" name="googleSearch" time="8.279"/>
  <testcase classname="com.shwetabh.docker.VerifyTitleinChrome" name="googleSearch" time="28.972"/>
</testsuite> <!-- Test -->
